#
# There is insufficient memory for the Java Runtime Environment to continue.
# Native memory allocation (malloc) failed to allocate 1021536 bytes for Chunk::new
# Possible reasons:
#   The system is out of physical RAM or swap space
#   In 32 bit mode, the process size limit was hit
# Possible solutions:
#   Reduce memory load on the system
#   Increase physical memory or swap space
#   Check if swap backing store is full
#   Use 64 bit Java on a 64 bit OS
#   Decrease Java heap size (-Xmx/-Xms)
#   Decrease number of Java threads
#   Decrease Java thread stack sizes (-Xss)
#   Set larger code cache with -XX:ReservedCodeCacheSize=
# This output file may be truncated or incomplete.
#
#  Out of Memory Error (allocation.cpp:390), pid=17988, tid=0x0000000000004bf4
#
# JRE version: OpenJDK Runtime Environment (8.0_152-b02) (build 1.8.0_152-release-1024-b02)
# Java VM: OpenJDK 64-Bit Server VM (25.152-b02 mixed mode windows-amd64 compressed oops)
# Failed to write core dump. Minidumps are not enabled by default on client versions of Windows
#

---------------  T H R E A D  ---------------

Current thread (0x000000001ac6c000):  JavaThread "C2 CompilerThread0" daemon [_thread_in_native, id=19444, stack(0x000000001b420000,0x000000001b520000)]

Stack: [0x000000001b420000,0x000000001b520000]
[error occurred during error reporting (printing stack bounds), id 0xc0000005]

Native frames: (J=compiled Java code, j=interpreted, Vv=VM code, C=native code)


Current CompileTask:
C2:8211755 25981       4       com.android.utils.XmlUtils::append (540 bytes)


---------------  P R O C E S S  ---------------

Java Threads: ( => current thread )
  0x00000000230ba000 JavaThread "queued-resource-processor_184" daemon [_thread_blocked, id=23380, stack(0x0000000073e30000,0x0000000073f30000)]
  0x00000000230b5800 JavaThread "queued-resource-processor_183" daemon [_thread_blocked, id=20612, stack(0x0000000073d30000,0x0000000073e30000)]
  0x00000000230b2800 JavaThread "queued-resource-processor_182" daemon [_thread_blocked, id=8420, stack(0x0000000073c30000,0x0000000073d30000)]
  0x000000002277e000 JavaThread "queued-resource-processor_181" daemon [_thread_blocked, id=6760, stack(0x0000000073b30000,0x0000000073c30000)]
  0x0000000022782800 JavaThread "queued-resource-processor_180" daemon [_thread_blocked, id=19736, stack(0x0000000073a30000,0x0000000073b30000)]
  0x000000002277e800 JavaThread "queued-resource-processor_178" daemon [_thread_blocked, id=21148, stack(0x0000000073830000,0x0000000073930000)]
  0x0000000022781800 JavaThread "queued-resource-processor_177" daemon [_thread_blocked, id=13960, stack(0x0000000073730000,0x0000000073830000)]
  0x0000000022776800 JavaThread "Task worker for ':' Thread 7" [_thread_blocked, id=13440, stack(0x0000000073630000,0x0000000073730000)]
  0x000000002277d000 JavaThread "Task worker for ':' Thread 6" [_thread_blocked, id=23528, stack(0x0000000073530000,0x0000000073630000)]
  0x0000000022775800 JavaThread "Task worker for ':' Thread 5" [_thread_blocked, id=22140, stack(0x0000000073430000,0x0000000073530000)]
  0x000000002277c800 JavaThread "Task worker for ':' Thread 4" [_thread_blocked, id=8708, stack(0x0000000073330000,0x0000000073430000)]
  0x0000000022778000 JavaThread "Task worker for ':' Thread 3" [_thread_blocked, id=13580, stack(0x0000000073230000,0x0000000073330000)]
  0x000000002277b800 JavaThread "Task worker for ':' Thread 2" [_thread_blocked, id=23912, stack(0x0000000073130000,0x0000000073230000)]
  0x0000000022777000 JavaThread "Task worker for ':'" [_thread_blocked, id=12688, stack(0x0000000073030000,0x0000000073130000)]
  0x0000000022774000 JavaThread "Cache worker for Build Output Cleanup Cache (C:\Users\MoriartyGG\AndroidStudioProjects\HomeSweetHomeApp\.gradle\buildOutputCleanup)" [_thread_blocked, id=22644, stack(0x0000000072f30000,0x0000000073030000)]
  0x000000002277b000 JavaThread "Cache worker for task history cache (C:\Users\MoriartyGG\AndroidStudioProjects\HomeSweetHomeApp\.gradle\4.4\taskHistory)" [_thread_blocked, id=19888, stack(0x0000000072e30000,0x0000000072f30000)]
  0x000000001f81a000 JavaThread "Cache worker for file content cache (C:\Users\MoriartyGG\AndroidStudioProjects\HomeSweetHomeApp\.gradle\4.4\fileContent)" [_thread_blocked, id=1784, stack(0x0000000072d30000,0x0000000072e30000)]
  0x000000001f820000 JavaThread "build operations Thread 8" [_thread_blocked, id=24300, stack(0x0000000072c30000,0x0000000072d30000)]
  0x000000001f81f800 JavaThread "build operations Thread 7" [_thread_blocked, id=23236, stack(0x0000000072b30000,0x0000000072c30000)]
  0x000000001f81e000 JavaThread "build operations Thread 6" [_thread_blocked, id=22996, stack(0x0000000072a30000,0x0000000072b30000)]
  0x000000001f81c800 JavaThread "build operations Thread 5" [_thread_blocked, id=24248, stack(0x0000000072930000,0x0000000072a30000)]
  0x000000001f81b800 JavaThread "build operations Thread 4" [_thread_blocked, id=4268, stack(0x0000000072830000,0x0000000072930000)]
  0x000000001f819800 JavaThread "build operations Thread 3" [_thread_blocked, id=10944, stack(0x0000000072730000,0x0000000072830000)]
  0x000000001f812000 JavaThread "build operations Thread 2" [_thread_blocked, id=22452, stack(0x0000000072630000,0x0000000072730000)]
  0x000000001f816800 JavaThread "build operations" [_thread_blocked, id=8092, stack(0x0000000072530000,0x0000000072630000)]
  0x000000001f818800 JavaThread "Cache worker for Artifact transforms cache (C:\Users\MoriartyGG\.gradle\caches\transforms-1)" [_thread_blocked, id=14436, stack(0x0000000072430000,0x0000000072530000)]
  0x000000001f814000 JavaThread "Cache worker for file hash cache (C:\Users\MoriartyGG\AndroidStudioProjects\HomeSweetHomeApp\.gradle\4.4\fileHashes)" [_thread_blocked, id=11908, stack(0x0000000072330000,0x0000000072430000)]
  0x000000001f811000 JavaThread "Stdin handler" [_thread_blocked, id=11152, stack(0x0000000072230000,0x0000000072330000)]
  0x000000001f813800 JavaThread "Asynchronous log dispatcher for DefaultDaemonConnection: socket connection from /127.0.0.1:6320 to /127.0.0.1:12309" [_thread_blocked, id=19168, stack(0x0000000072130000,0x0000000072230000)]
  0x000000001f812800 JavaThread "Daemon worker Thread 8" [_thread_blocked, id=18368, stack(0x0000000072030000,0x0000000072130000)]
  0x000000001f815800 JavaThread "Cancel handler" [_thread_blocked, id=23100, stack(0x0000000071f30000,0x0000000072030000)]
  0x000000001f818000 JavaThread "Handler for socket connection from /127.0.0.1:6320 to /127.0.0.1:12309" [_thread_in_native, id=18320, stack(0x0000000071e30000,0x0000000071f30000)]
  0x000000001f817000 JavaThread "Daemon Thread 8" [_thread_blocked, id=20688, stack(0x0000000071d30000,0x0000000071e30000)]
  0x000000002277f800 JavaThread "pool-125-thread-3" [_thread_blocked, id=7824, stack(0x0000000071930000,0x0000000071a30000)]
  0x000000001f81b000 JavaThread "pool-125-thread-2" [_thread_blocked, id=22240, stack(0x000000006ac80000,0x000000006ad80000)]
  0x0000000022781000 JavaThread "pool-125-thread-1" [_thread_blocked, id=21452, stack(0x0000000068980000,0x0000000068a80000)]
  0x000000001ef7a800 JavaThread "Memory manager" [_thread_blocked, id=20796, stack(0x0000000025690000,0x0000000025790000)]
  0x000000001ef77800 JavaThread "pool-1-thread-1" [_thread_blocked, id=24496, stack(0x0000000025590000,0x0000000025690000)]
  0x000000001cf2e800 JavaThread "File lock request listener" [_thread_in_native, id=23628, stack(0x000000001e910000,0x000000001ea10000)]
  0x000000001cd41800 JavaThread "Cache worker for file hash cache (C:\Users\MoriartyGG\.gradle\caches\4.4\fileHashes)" [_thread_blocked, id=22964, stack(0x000000001e810000,0x000000001e910000)]
  0x000000001cbb4800 JavaThread "Daemon periodic checks" [_thread_blocked, id=23352, stack(0x000000001dc10000,0x000000001dd10000)]
  0x000000001cb7c800 JavaThread "Incoming local TCP Connector on port 6320" [_thread_in_native, id=18244, stack(0x000000001d730000,0x000000001d830000)]
  0x000000001ad01000 JavaThread "Service Thread" daemon [_thread_blocked, id=17116, stack(0x000000001b820000,0x000000001b920000)]
  0x000000001ac7a000 JavaThread "C1 CompilerThread3" daemon [_thread_blocked, id=24320, stack(0x000000001b720000,0x000000001b820000)]
  0x000000001ac72800 JavaThread "C2 CompilerThread2" daemon [_thread_in_native, id=13060, stack(0x000000001b620000,0x000000001b720000)]
  0x000000001ac70800 JavaThread "C2 CompilerThread1" daemon [_thread_in_native, id=10428, stack(0x000000001b520000,0x000000001b620000)]
=>0x000000001ac6c000 JavaThread "C2 CompilerThread0" daemon [_thread_in_native, id=19444, stack(0x000000001b420000,0x000000001b520000)]
  0x000000001ac6a800 JavaThread "Attach Listener" daemon [_thread_blocked, id=14120, stack(0x000000001b320000,0x000000001b420000)]
  0x000000001ac76000 JavaThread "Signal Dispatcher" daemon [_thread_blocked, id=19116, stack(0x000000001b220000,0x000000001b320000)]
  0x000000001ac60800 JavaThread "Finalizer" daemon [_thread_blocked, id=22320, stack(0x000000001b040000,0x000000001b140000)]
  0x0000000004fa5000 JavaThread "Reference Handler" daemon [_thread_blocked, id=10112, stack(0x000000001ab40000,0x000000001ac40000)]
  0x0000000004eb2800 JavaThread "main" [_thread_blocked, id=16132, stack(0x0000000004cc0000,0x0000000004dc0000)]

Other Threads:
  0x0000000018d65800 VMThread [stack: 0x000000001aa40000,0x000000001ab40000] [id=6880]
  0x000000001ad01800 WatcherThread [stack: 0x000000001b920000,0x000000001ba20000] [id=15680]

VM state:not at safepoint (normal execution)

VM Mutex/Monitor currently owned by a thread: None

Heap:
 PSYoungGen      total 487936K, used 418800K [0x00000000e0000000, 0x0000000100000000, 0x0000000100000000)
  eden space 454656K, 87% used [0x00000000e0000000,0x00000000f84bac58,0x00000000fbc00000)
  from space 33280K, 62% used [0x00000000fdd00000,0x00000000ff141558,0x00000000ffd80000)
  to   space 33792K, 0% used [0x00000000fbc00000,0x00000000fbc00000,0x00000000fdd00000)
 ParOldGen       total 387072K, used 85312K [0x00000000a0000000, 0x00000000b7a00000, 0x00000000e0000000)
  object space 387072K, 22% used [0x00000000a0000000,0x00000000a53501d8,0x00000000b7a00000)
 Metaspace       used 95762K, capacity 100684K, committed 102144K, reserved 1138688K
  class space    used 11936K, capacity 12873K, committed 13312K, reserved 1048576K

Card table byte_map: [0x0000000014370000,0x0000000014680000] byte_map_base: 0x0000000013e70000

Marking Bits: (ParMarkBitMap*) 0x000000006be34970
 Begin Bits: [0x0000000015080000, 0x0000000016880000)
 End Bits:   [0x0000000016880000, 0x0000000018080000)

Polling page: 0x00000000034f0000

CodeCache: size=245760Kb used=72032Kb max_used=72174Kb free=173727Kb
 bounds [0x0000000004fb0000, 0x00000000096b0000, 0x0000000013fb0000]
 total_blobs=20649 nmethods=19748 adapters=811
 compilation: enabled

Compilation events (10 events):
Event: 8211.541 Thread 0x000000001ac7a000 25978       3       com.sun.org.apache.xerces.internal.dom.AttrImpl::getNodeValue (5 bytes)
Event: 8211.541 Thread 0x000000001ac7a000 nmethod 25978 0x0000000006f5cf90 code [0x0000000006f5d100, 0x0000000006f5d308]
Event: 8211.544 Thread 0x000000001ac7a000 25980       3       com.android.utils.XmlUtils$PositionAwareStringBuilder::append (69 bytes)
Event: 8211.545 Thread 0x000000001ac7a000 nmethod 25980 0x0000000006f5bf90 code [0x0000000006f5c160, 0x0000000006f5cb08]
Event: 8211.545 Thread 0x000000001ac7a000 25982       3       com.android.utils.XmlUtils::getSourceFilePosition (33 bytes)
Event: 8211.545 Thread 0x000000001ac7a000 nmethod 25982 0x0000000006f5a010 code [0x0000000006f5a1c0, 0x0000000006f5a7e8]
Event: 8211.546 Thread 0x000000001ac6c000 nmethod 25956 0x0000000006f553d0 code [0x0000000006f55560, 0x0000000006f55a68]
Event: 8211.546 Thread 0x000000001ac6c000 25981       4       com.android.utils.XmlUtils::append (540 bytes)
Event: 8211.546 Thread 0x000000001ac7a000 25983       3       com.android.utils.XmlUtils$PositionAwareStringBuilder::append (45 bytes)
Event: 8211.546 Thread 0x000000001ac7a000 nmethod 25983 0x0000000006f5b290 code [0x0000000006f5b440, 0x0000000006f5bb38]

GC Heap History (10 events):
Event: 2257.880 GC heap before
{Heap before GC invocations=26 (full 3):
 PSYoungGen      total 482816K, used 295384K [0x00000000e0000000, 0x00000000ffb00000, 0x0000000100000000)
  eden space 452608K, 62% used [0x00000000e0000000,0x00000000f1403738,0x00000000fba00000)
  from space 30208K, 42% used [0x00000000fdd80000,0x00000000fe9f2c40,0x00000000ffb00000)
  to   space 33280K, 0% used [0x00000000fba00000,0x00000000fba00000,0x00000000fda80000)
 ParOldGen       total 258048K, used 101706K [0x00000000a0000000, 0x00000000afc00000, 0x00000000e0000000)
  object space 258048K, 39% used [0x00000000a0000000,0x00000000a6352858,0x00000000afc00000)
 Metaspace       used 92567K, capacity 98154K, committed 98304K, reserved 1134592K
  class space    used 11854K, capacity 12930K, committed 13056K, reserved 1048576K
Event: 2257.899 GC heap after
Heap after GC invocations=26 (full 3):
 PSYoungGen      total 485888K, used 23040K [0x00000000e0000000, 0x0000000100000000, 0x0000000100000000)
  eden space 452608K, 0% used [0x00000000e0000000,0x00000000e0000000,0x00000000fba00000)
  from space 33280K, 69% used [0x00000000fba00000,0x00000000fd0801c0,0x00000000fda80000)
  to   space 34816K, 0% used [0x00000000fde00000,0x00000000fde00000,0x0000000100000000)
 ParOldGen       total 258048K, used 101714K [0x00000000a0000000, 0x00000000afc00000, 0x00000000e0000000)
  object space 258048K, 39% used [0x00000000a0000000,0x00000000a6354858,0x00000000afc00000)
 Metaspace       used 92567K, capacity 98154K, committed 98304K, reserved 1134592K
  class space    used 11854K, capacity 12930K, committed 13056K, reserved 1048576K
}
Event: 2257.899 GC heap before
{Heap before GC invocations=27 (full 4):
 PSYoungGen      total 485888K, used 23040K [0x00000000e0000000, 0x0000000100000000, 0x0000000100000000)
  eden space 452608K, 0% used [0x00000000e0000000,0x00000000e0000000,0x00000000fba00000)
  from space 33280K, 69% used [0x00000000fba00000,0x00000000fd0801c0,0x00000000fda80000)
  to   space 34816K, 0% used [0x00000000fde00000,0x00000000fde00000,0x0000000100000000)
 ParOldGen       total 258048K, used 101714K [0x00000000a0000000, 0x00000000afc00000, 0x00000000e0000000)
  object space 258048K, 39% used [0x00000000a0000000,0x00000000a6354858,0x00000000afc00000)
 Metaspace       used 92567K, capacity 98154K, committed 98304K, reserved 1134592K
  class space    used 11854K, capacity 12930K, committed 13056K, reserved 1048576K
Event: 2258.192 GC heap after
Heap after GC invocations=27 (full 4):
 PSYoungGen      total 485888K, used 0K [0x00000000e0000000, 0x0000000100000000, 0x0000000100000000)
  eden space 452608K, 0% used [0x00000000e0000000,0x00000000e0000000,0x00000000fba00000)
  from space 33280K, 0% used [0x00000000fba00000,0x00000000fba00000,0x00000000fda80000)
  to   space 34816K, 0% used [0x00000000fde00000,0x00000000fde00000,0x0000000100000000)
 ParOldGen       total 387072K, used 85288K [0x00000000a0000000, 0x00000000b7a00000, 0x00000000e0000000)
  object space 387072K, 22% used [0x00000000a0000000,0x00000000a534a1d8,0x00000000b7a00000)
 Metaspace       used 91503K, capacity 95608K, committed 98304K, reserved 1134592K
  class space    used 11546K, capacity 12403K, committed 13056K, reserved 1048576K
}
Event: 2383.448 GC heap before
{Heap before GC invocations=28 (full 4):
 PSYoungGen      total 485888K, used 452608K [0x00000000e0000000, 0x0000000100000000, 0x0000000100000000)
  eden space 452608K, 100% used [0x00000000e0000000,0x00000000fba00000,0x00000000fba00000)
  from space 33280K, 0% used [0x00000000fba00000,0x00000000fba00000,0x00000000fda80000)
  to   space 34816K, 0% used [0x00000000fde00000,0x00000000fde00000,0x0000000100000000)
 ParOldGen       total 387072K, used 85288K [0x00000000a0000000, 0x00000000b7a00000, 0x00000000e0000000)
  object space 387072K, 22% used [0x00000000a0000000,0x00000000a534a1d8,0x00000000b7a00000)
 Metaspace       used 92190K, capacity 96564K, committed 98816K, reserved 1134592K
  class space    used 11613K, capacity 12481K, committed 13056K, reserved 1048576K
Event: 2383.459 GC heap after
Heap after GC invocations=28 (full 4):
 PSYoungGen      total 489984K, used 19722K [0x00000000e0000000, 0x0000000100000000, 0x0000000100000000)
  eden space 455168K, 0% used [0x00000000e0000000,0x00000000e0000000,0x00000000fbc80000)
  from space 34816K, 56% used [0x00000000fde00000,0x00000000ff142be8,0x0000000100000000)
  to   space 34304K, 0% used [0x00000000fbc80000,0x00000000fbc80000,0x00000000fde00000)
 ParOldGen       total 387072K, used 85296K [0x00000000a0000000, 0x00000000b7a00000, 0x00000000e0000000)
  object space 387072K, 22% used [0x00000000a0000000,0x00000000a534c1d8,0x00000000b7a00000)
 Metaspace       used 92190K, capacity 96564K, committed 98816K, reserved 1134592K
  class space    used 11613K, capacity 12481K, committed 13056K, reserved 1048576K
}
Event: 2408.956 GC heap before
{Heap before GC invocations=29 (full 4):
 PSYoungGen      total 489984K, used 474890K [0x00000000e0000000, 0x0000000100000000, 0x0000000100000000)
  eden space 455168K, 100% used [0x00000000e0000000,0x00000000fbc80000,0x00000000fbc80000)
  from space 34816K, 56% used [0x00000000fde00000,0x00000000ff142be8,0x0000000100000000)
  to   space 34304K, 0% used [0x00000000fbc80000,0x00000000fbc80000,0x00000000fde00000)
 ParOldGen       total 387072K, used 85296K [0x00000000a0000000, 0x00000000b7a00000, 0x00000000e0000000)
  object space 387072K, 22% used [0x00000000a0000000,0x00000000a534c1d8,0x00000000b7a00000)
 Metaspace       used 92826K, capacity 97656K, committed 99328K, reserved 1136640K
  class space    used 11682K, capacity 12609K, committed 13056K, reserved 1048576K
Event: 2408.968 GC heap after
Heap after GC invocations=29 (full 4):
 PSYoungGen      total 473088K, used 17901K [0x00000000e0000000, 0x00000000ffd80000, 0x0000000100000000)
  eden space 455168K, 0% used [0x00000000e0000000,0x00000000e0000000,0x00000000fbc80000)
  from space 17920K, 99% used [0x00000000fbc80000,0x00000000fcdfb500,0x00000000fce00000)
  to   space 33280K, 0% used [0x00000000fdd00000,0x00000000fdd00000,0x00000000ffd80000)
 ParOldGen       total 387072K, used 85304K [0x00000000a0000000, 0x00000000b7a00000, 0x00000000e0000000)
  object space 387072K, 22% used [0x00000000a0000000,0x00000000a534e1d8,0x00000000b7a00000)
 Metaspace       used 92826K, capacity 97656K, committed 99328K, reserved 1136640K
  class space    used 11682K, capacity 12609K, committed 13056K, reserved 1048576K
}
Event: 3439.986 GC heap before
{Heap before GC invocations=30 (full 4):
 PSYoungGen      total 473088K, used 473069K [0x00000000e0000000, 0x00000000ffd80000, 0x0000000100000000)
  eden space 455168K, 100% used [0x00000000e0000000,0x00000000fbc80000,0x00000000fbc80000)
  from space 17920K, 99% used [0x00000000fbc80000,0x00000000fcdfb500,0x00000000fce00000)
  to   space 33280K, 0% used [0x00000000fdd00000,0x00000000fdd00000,0x00000000ffd80000)
 ParOldGen       total 387072K, used 85304K [0x00000000a0000000, 0x00000000b7a00000, 0x00000000e0000000)
  object space 387072K, 22% used [0x00000000a0000000,0x00000000a534e1d8,0x00000000b7a00000)
 Metaspace       used 95375K, capacity 100142K, committed 101632K, reserved 1138688K
  class space    used 11921K, capacity 12848K, committed 13312K, reserved 1048576K
Event: 3440.004 GC heap after
Heap after GC invocations=30 (full 4):
 PSYoungGen      total 487936K, used 20741K [0x00000000e0000000, 0x0000000100000000, 0x0000000100000000)
  eden space 454656K, 0% used [0x00000000e0000000,0x00000000e0000000,0x00000000fbc00000)
  from space 33280K, 62% used [0x00000000fdd00000,0x00000000ff141558,0x00000000ffd80000)
  to   space 33792K, 0% used [0x00000000fbc00000,0x00000000fbc00000,0x00000000fdd00000)
 ParOldGen       total 387072K, used 85312K [0x00000000a0000000, 0x00000000b7a00000, 0x00000000e0000000)
  object space 387072K, 22% used [0x00000000a0000000,0x00000000a53501d8,0x00000000b7a00000)
 Metaspace       used 95375K, capacity 100142K, committed 101632K, reserved 1138688K
  class space    used 11921K, capacity 12848K, committed 13312K, reserved 1048576K
}

Deoptimization events (10 events):
Event: 8211.451 Thread 0x0000000022776800 Uncommon trap: reason=class_check action=maybe_recompile pc=0x000000000558757c method=com.sun.org.apache.xerces.internal.dom.NamedNodeMapImpl.getNamedItemNS(Ljava/lang/String;Ljava/lang/String;)Lorg/w3c/dom/Node; @ 28
Event: 8211.451 Thread 0x0000000022776800 Uncommon trap: reason=class_check action=maybe_recompile pc=0x000000000558757c method=com.sun.org.apache.xerces.internal.dom.NamedNodeMapImpl.getNamedItemNS(Ljava/lang/String;Ljava/lang/String;)Lorg/w3c/dom/Node; @ 28
Event: 8211.451 Thread 0x0000000022776800 Uncommon trap: reason=class_check action=maybe_recompile pc=0x000000000558757c method=com.sun.org.apache.xerces.internal.dom.NamedNodeMapImpl.getNamedItemNS(Ljava/lang/String;Ljava/lang/String;)Lorg/w3c/dom/Node; @ 28
Event: 8211.451 Thread 0x0000000022776800 Uncommon trap: reason=class_check action=maybe_recompile pc=0x000000000558757c method=com.sun.org.apache.xerces.internal.dom.NamedNodeMapImpl.getNamedItemNS(Ljava/lang/String;Ljava/lang/String;)Lorg/w3c/dom/Node; @ 28
Event: 8211.503 Thread 0x0000000022776800 Uncommon trap: reason=unstable_if action=reinterpret pc=0x00000000087cdd0c method=com.android.ide.common.res2.DataMerger.mergeData(Lcom/android/ide/common/res2/MergeConsumer;Z)V @ 358
Event: 8211.508 Thread 0x0000000022776800 Uncommon trap: reason=unstable_if action=reinterpret pc=0x0000000006dd8400 method=com.android.ide.common.res2.DataItem.isWritten()Z @ 7
Event: 8211.544 Thread 0x0000000022776800 Uncommon trap: reason=class_check action=maybe_recompile pc=0x00000000087b1f18 method=com.android.utils.XmlUtils.append(Lcom/android/utils/XmlUtils$PositionAwareStringBuilder;Lorg/w3c/dom/Node;Ljava/util/Map;)V @ 195
Event: 8211.544 Thread 0x0000000022776800 Uncommon trap: reason=class_check action=maybe_recompile pc=0x00000000087b1f18 method=com.android.utils.XmlUtils.append(Lcom/android/utils/XmlUtils$PositionAwareStringBuilder;Lorg/w3c/dom/Node;Ljava/util/Map;)V @ 195
Event: 8211.544 Thread 0x0000000022776800 Uncommon trap: reason=class_check action=maybe_recompile pc=0x00000000087b1f18 method=com.android.utils.XmlUtils.append(Lcom/android/utils/XmlUtils$PositionAwareStringBuilder;Lorg/w3c/dom/Node;Ljava/util/Map;)V @ 195
Event: 8211.544 Thread 0x0000000022776800 Uncommon trap: reason=class_check action=maybe_recompile pc=0x00000000087b1f18 method=com.android.utils.XmlUtils.append(Lcom/android/utils/XmlUtils$PositionAwareStringBuilder;Lorg/w3c/dom/Node;Ljava/util/Map;)V @ 195

Classes redefined (0 events):
No events

Internal exceptions (10 events):
Event: 3440.483 Thread 0x0000000022782800 Exception <a 'sun/nio/fs/WindowsException'> (0x00000000e2a0dae8) thrown at [D:\src\AOSP-openjdk-cygwin\jdk8u\hotspot\src\share\vm\prims\jni.cpp, line 709]
Event: 3440.542 Thread 0x00000000230b5800 Exception <a 'sun/nio/fs/WindowsException'> (0x00000000e3af6028) thrown at [D:\src\AOSP-openjdk-cygwin\jdk8u\hotspot\src\share\vm\prims\jni.cpp, line 709]
Event: 3498.163 Thread 0x000000001f813800 Exception <a 'sun/nio/fs/WindowsException'> (0x00000000e58f70c0) thrown at [D:\src\AOSP-openjdk-cygwin\jdk8u\hotspot\src\share\vm\prims\jni.cpp, line 709]
Event: 3498.165 Thread 0x000000001f813800 Exception <a 'sun/nio/fs/WindowsException'> (0x00000000e59031b8) thrown at [D:\src\AOSP-openjdk-cygwin\jdk8u\hotspot\src\share\vm\prims\jni.cpp, line 709]
Event: 4037.656 Thread 0x000000001ef77800 Exception <a 'sun/nio/fs/WindowsException'> (0x00000000e4d7f028) thrown at [D:\src\AOSP-openjdk-cygwin\jdk8u\hotspot\src\share\vm\prims\jni.cpp, line 709]
Event: 4098.166 Thread 0x000000001ef77800 Exception <a 'sun/nio/fs/WindowsException'> (0x00000000f0986d48) thrown at [D:\src\AOSP-openjdk-cygwin\jdk8u\hotspot\src\share\vm\prims\jni.cpp, line 709]
Event: 8210.713 Thread 0x000000001f812800 Exception <a 'sun/nio/fs/WindowsException'> (0x00000000f3404db0) thrown at [D:\src\AOSP-openjdk-cygwin\jdk8u\hotspot\src\share\vm\prims\jni.cpp, line 709]
Event: 8210.723 Thread 0x000000001f812800 Exception <a 'sun/nio/fs/WindowsException'> (0x00000000f3411060) thrown at [D:\src\AOSP-openjdk-cygwin\jdk8u\hotspot\src\share\vm\prims\jni.cpp, line 709]
Event: 8210.884 Thread 0x000000001f812800 Implicit null exception at 0x0000000008994be6 to 0x0000000008995c20
Event: 8211.570 Thread 0x0000000022780000 Exception <a 'java/io/IOException': CreateProcess error=1455, Bu işlemin tamamlanması için disk belleği dosyası çok küçük> (0x00000000f7fa7e88) thrown at [D:\src\AOSP-openjdk-cygwin\jdk8u\hotspot\src\share\vm\prims\jni.cpp, line 735]

Events (10 events):
Event: 8211.574 Thread 0x00000000230b6800 Thread exited: 0x00000000230b6800
Event: 8211.574 Thread 0x00000000230bc800 Thread exited: 0x00000000230bc800
Event: 8211.576 Thread 0x00000000230bf800 Thread exited: 0x00000000230bf800
Event: 8211.576 Thread 0x000000001ef78800 Thread exited: 0x000000001ef78800
Event: 8211.587 Thread 0x00000000230bb000 Thread exited: 0x00000000230bb000
Event: 8211.587 Thread 0x00000000230b4000 Thread exited: 0x00000000230b4000
Event: 8211.601 Thread 0x00000000230be800 Thread exited: 0x00000000230be800
Event: 8211.601 Thread 0x00000000230be000 Thread exited: 0x00000000230be000
Event: 8211.604 Thread 0x000000001ef79000 Thread exited: 0x000000001ef79000
Event: 8211.605 Thread 0x000000001ef74000 Thread exited: 0x000000001ef74000


Dynamic libraries:
0x00007ff70d610000 - 0x00007ff70d641000 	C:\Program Files\Android\Android Studio\jre\bin\java.exe
0x00007ffd3cdb0000 - 0x00007ffd3cf90000 	C:\Windows\SYSTEM32\ntdll.dll
0x00007ffd3a610000 - 0x00007ffd3a6be000 	C:\Windows\System32\KERNEL32.DLL
0x00007ffd39380000 - 0x00007ffd395e6000 	C:\Windows\System32\KERNELBASE.dll
0x00007ffd3a280000 - 0x00007ffd3a321000 	C:\Windows\System32\ADVAPI32.dll
0x00007ffd3c320000 - 0x00007ffd3c3bd000 	C:\Windows\System32\msvcrt.dll
0x00007ffd3c1f0000 - 0x00007ffd3c24b000 	C:\Windows\System32\sechost.dll
0x00007ffd3bef0000 - 0x00007ffd3c00f000 	C:\Windows\System32\RPCRT4.dll
0x00007ffd3a330000 - 0x00007ffd3a4bf000 	C:\Windows\System32\USER32.dll
0x00007ffd395f0000 - 0x00007ffd39610000 	C:\Windows\System32\win32u.dll
0x00007ffd3cd30000 - 0x00007ffd3cd58000 	C:\Windows\System32\GDI32.dll
0x00007ffd3a090000 - 0x00007ffd3a224000 	C:\Windows\System32\gdi32full.dll
0x00007ffd39840000 - 0x00007ffd398db000 	C:\Windows\System32\msvcp_win.dll
0x00007ffd396c0000 - 0x00007ffd397b6000 	C:\Windows\System32\ucrtbase.dll
0x00007ffd2b650000 - 0x00007ffd2b8b9000 	C:\Windows\WinSxS\amd64_microsoft.windows.common-controls_6595b64144ccf1df_6.0.16299.64_none_cc9304e22215ca8f\COMCTL32.dll
0x00007ffd3bbe0000 - 0x00007ffd3bee8000 	C:\Windows\System32\combase.dll
0x00007ffd397c0000 - 0x00007ffd39832000 	C:\Windows\System32\bcryptPrimitives.dll
0x00007ffd3c9b0000 - 0x00007ffd3c9dd000 	C:\Windows\System32\IMM32.DLL
0x000000006c650000 - 0x000000006c722000 	C:\Program Files\Android\Android Studio\jre\jre\bin\msvcr100.dll
0x000000006b670000 - 0x000000006beaf000 	C:\Program Files\Android\Android Studio\jre\jre\bin\server\jvm.dll
0x00007ffd3c9e0000 - 0x00007ffd3c9e8000 	C:\Windows\System32\PSAPI.DLL
0x00007ffd228e0000 - 0x00007ffd228e9000 	C:\Windows\SYSTEM32\WSOCK32.dll
0x00007ffd3c250000 - 0x00007ffd3c2bc000 	C:\Windows\System32\WS2_32.dll
0x00007ffd31c50000 - 0x00007ffd31c5a000 	C:\Windows\SYSTEM32\VERSION.dll
0x00007ffd36de0000 - 0x00007ffd36e03000 	C:\Windows\SYSTEM32\WINMM.dll
0x00007ffd36d80000 - 0x00007ffd36daa000 	C:\Windows\SYSTEM32\WINMMBASE.dll
0x00007ffd3a230000 - 0x00007ffd3a27a000 	C:\Windows\System32\cfgmgr32.dll
0x00007ffd21cb0000 - 0x00007ffd21cbf000 	C:\Program Files\Android\Android Studio\jre\jre\bin\verify.dll
0x00007ffd10770000 - 0x00007ffd10799000 	C:\Program Files\Android\Android Studio\jre\jre\bin\java.dll
0x00007ffd0ef80000 - 0x00007ffd0ef96000 	C:\Program Files\Android\Android Studio\jre\jre\bin\zip.dll
0x00007ffd3a6c0000 - 0x00007ffd3baf7000 	C:\Windows\System32\SHELL32.dll
0x00007ffd3ca90000 - 0x00007ffd3cb36000 	C:\Windows\System32\shcore.dll
0x00007ffd39940000 - 0x00007ffd3a087000 	C:\Windows\System32\windows.storage.dll
0x00007ffd3bb00000 - 0x00007ffd3bb51000 	C:\Windows\System32\shlwapi.dll
0x00007ffd39170000 - 0x00007ffd39181000 	C:\Windows\System32\kernel.appcore.dll
0x00007ffd39120000 - 0x00007ffd3916c000 	C:\Windows\System32\powrprof.dll
0x00007ffd39190000 - 0x00007ffd391ab000 	C:\Windows\System32\profapi.dll
0x00007ffd08250000 - 0x00007ffd0826a000 	C:\Program Files\Android\Android Studio\jre\jre\bin\net.dll
0x00007ffd38990000 - 0x00007ffd389f6000 	C:\Windows\system32\mswsock.dll
0x00007ffd08230000 - 0x00007ffd08241000 	C:\Program Files\Android\Android Studio\jre\jre\bin\nio.dll
0x00007ffd15460000 - 0x00007ffd1547e000 	C:\Users\MoriartyGG\.gradle\native\25\windows-amd64\native-platform.dll
0x00007ffd213e0000 - 0x00007ffd213ed000 	C:\Program Files\Android\Android Studio\jre\jre\bin\management.dll
0x00007ffd38b60000 - 0x00007ffd38b77000 	C:\Windows\SYSTEM32\CRYPTSP.dll
0x00007ffd385a0000 - 0x00007ffd385d3000 	C:\Windows\system32\rsaenh.dll
0x00007ffd38c60000 - 0x00007ffd38c85000 	C:\Windows\SYSTEM32\bcrypt.dll
0x00007ffd39030000 - 0x00007ffd39059000 	C:\Windows\SYSTEM32\USERENV.dll
0x00007ffd38b50000 - 0x00007ffd38b5b000 	C:\Windows\SYSTEM32\CRYPTBASE.dll
0x00007ffd38720000 - 0x00007ffd38759000 	C:\Windows\SYSTEM32\IPHLPAPI.DLL
0x00007ffd3cd20000 - 0x00007ffd3cd28000 	C:\Windows\System32\NSI.dll
0x00007ffd34a30000 - 0x00007ffd34a46000 	C:\Windows\SYSTEM32\dhcpcsvc6.DLL
0x00007ffd34a10000 - 0x00007ffd34a2a000 	C:\Windows\SYSTEM32\dhcpcsvc.DLL
0x00007ffd21b80000 - 0x00007ffd21ba4000 	C:\Program Files\Android\Android Studio\jre\jre\bin\sunec.dll
0x00007ffd38760000 - 0x00007ffd38816000 	C:\Windows\SYSTEM32\DNSAPI.dll
0x00007ffd31f40000 - 0x00007ffd31f4a000 	C:\Windows\System32\rasadhlp.dll
0x00007ffd341a0000 - 0x00007ffd34210000 	C:\Windows\System32\fwpuclnt.dll
0x00007ffd32a10000 - 0x00007ffd32a1b000 	C:\Program Files\Android\Android Studio\jre\jre\bin\sunmscapi.dll
0x00007ffd391b0000 - 0x00007ffd3937e000 	C:\Windows\System32\CRYPT32.dll
0x00007ffd39100000 - 0x00007ffd39112000 	C:\Windows\System32\MSASN1.dll

VM Arguments:
jvm_args: -Xmx1536m -Dfile.encoding=windows-1254 -Duser.country=TR -Duser.language=tr -Duser.variant 
java_command: org.gradle.launcher.daemon.bootstrap.GradleDaemon 4.4
java_class_path (initial): C:\Users\MoriartyGG\.gradle\wrapper\dists\gradle-4.4-all\9br9xq1tocpiv8o6njlyu5op1\gradle-4.4\lib\gradle-launcher-4.4.jar
Launcher Type: SUN_STANDARD

Environment Variables:
PATH=C:\Program Files (x86)\Common Files\Oracle\Java\javapath;C:\ProgramData\Oracle\Java\javapath;C:\Program Files (x86)\Intel\iCLS Client\;C:\Program Files\Intel\iCLS Client\;C:\Windows\system32;C:\Windows;C:\Windows\System32\Wbem;C:\Windows\System32\WindowsPowerShell\v1.0\;C:\Program Files (x86)\NVIDIA Corporation\PhysX\Common;C:\Program Files (x86)\Intel\Intel(R) Management Engine Components\DAL;C:\Program Files\Intel\Intel(R) Management Engine Components\DAL;C:\Program Files (x86)\Intel\Intel(R) Management Engine Components\IPT;C:\Program Files\Intel\Intel(R) Management Engine Components\IPT;C:\Program Files\dotnet\;C:\Program Files\Microsoft SQL Server\130\Tools\Binn\;C:\Program Files (x86)\GtkSharp\2.12\bin;C:\Program Files\Microsoft SQL Server\Client SDK\ODBC\130\Tools\Binn\;C:\Program Files (x86)\Microsoft SQL Server\140\Tools\Binn\;C:\Program Files\Microsoft SQL Server\140\Tools\Binn\;C:\Program Files\Microsoft SQL Server\140\DTS\Binn\;C:\Program Files (x86)\Microsoft SQL Server\Client SDK\ODBC\130\Tools\Binn\;C:\Program Files (x86)\Microsoft SQL Server\140\DTS\Binn\;C:\Program Files (x86)\Microsoft SQL Server\140\Tools\Binn\ManagementStudio\;C:\Users\MoriartyGG\AppData\Local\Microsoft\WindowsApps;C:\Users\MoriartyGG\AppData\Local\Programs\MiKTeX 2.9\miktex\bin\x64\
USERNAME=MoriartyGG
OS=Windows_NT
PROCESSOR_IDENTIFIER=Intel64 Family 6 Model 60 Stepping 3, GenuineIntel



---------------  S Y S T E M  ---------------

OS: Windows 10.0 , 64 bit Build 16299 (10.0.16299.15)

CPU:total 8 (initial active 8) (4 cores per cpu, 2 threads per core) family 6 model 60 stepping 3, cmov, cx8, fxsr, mmx, sse, sse2, sse3, ssse3, sse4.1, sse4.2, popcnt, avx, avx2, aes, clmul, erms, lzcnt, ht, tsc, tscinvbit, bmi1, bmi2

Memory: 4k page, physical 16710816k(2562800k free), swap 25099424k(4368k free)

vm_info: OpenJDK 64-Bit Server VM (25.152-b02) for windows-amd64 JRE (1.8.0_152-release-1024-b02), built by "builder" with MS VC++ 10.0 (VS2010)

time: Sat Jun 16 20:16:26 2018
elapsed time: 8211 seconds (0d 2h 16m 51s)

